2022-09-29 23:50:36,989 INFO    MainThread:3408807 [wandb_setup.py:_flush():68] Configure stats pid to 3408807
2022-09-29 23:50:36,989 INFO    MainThread:3408807 [wandb_setup.py:_flush():68] Loading settings from /home/rmclab1003/.config/wandb/settings
2022-09-29 23:50:36,990 INFO    MainThread:3408807 [wandb_setup.py:_flush():68] Loading settings from /home/rmclab1003/YS/wandb/settings
2022-09-29 23:50:36,990 INFO    MainThread:3408807 [wandb_setup.py:_flush():68] Loading settings from environment variables: {'_require_service': 'True'}
2022-09-29 23:50:36,990 INFO    MainThread:3408807 [wandb_setup.py:_flush():68] Inferring run settings from compute environment: {'program_relpath': 'cifar10.py', 'program': 'cifar10.py'}
2022-09-29 23:50:36,990 INFO    MainThread:3408807 [wandb_init.py:_log_setup():476] Logging user logs to ./wandb/run-20220929_235036-ztqz5jlo/logs/debug.log
2022-09-29 23:50:36,990 INFO    MainThread:3408807 [wandb_init.py:_log_setup():477] Logging internal logs to ./wandb/run-20220929_235036-ztqz5jlo/logs/debug-internal.log
2022-09-29 23:50:36,991 INFO    MainThread:3408807 [wandb_init.py:init():516] calling init triggers
2022-09-29 23:50:36,991 INFO    MainThread:3408807 [wandb_init.py:init():519] wandb.init called with sweep_config: {}
config: {}
2022-09-29 23:50:36,991 INFO    MainThread:3408807 [wandb_init.py:init():569] starting backend
2022-09-29 23:50:36,991 INFO    MainThread:3408807 [wandb_init.py:init():573] setting up manager
2022-09-29 23:50:36,999 INFO    MainThread:3408807 [backend.py:_multiprocessing_setup():102] multiprocessing start_methods=fork,spawn,forkserver, using: spawn
2022-09-29 23:50:37,006 INFO    MainThread:3408807 [wandb_init.py:init():580] backend started and connected
2022-09-29 23:50:37,013 INFO    MainThread:3408807 [wandb_init.py:init():658] updated telemetry
2022-09-29 23:50:37,014 INFO    MainThread:3408807 [wandb_init.py:init():692] communicating run to backend with 30 second timeout
2022-09-29 23:50:58,359 INFO    MainThread:3408807 [wandb_run.py:_on_init():1974] communicating current version
2022-09-29 23:50:58,417 INFO    MainThread:3408807 [wandb_run.py:_on_init():1978] got version response 
2022-09-29 23:50:58,417 INFO    MainThread:3408807 [wandb_init.py:init():727] starting run threads in backend
2022-09-29 23:51:01,173 INFO    MainThread:3408807 [wandb_run.py:_console_start():1954] atexit reg
2022-09-29 23:51:01,173 INFO    MainThread:3408807 [wandb_run.py:_redirect():1812] redirect: SettingsConsole.WRAP_RAW
2022-09-29 23:51:01,173 INFO    MainThread:3408807 [wandb_run.py:_redirect():1877] Wrapping output streams.
2022-09-29 23:51:01,173 INFO    MainThread:3408807 [wandb_run.py:_redirect():1899] Redirects installed.
2022-09-29 23:51:01,174 INFO    MainThread:3408807 [wandb_init.py:init():764] run started, returning control to user process
2022-09-29 23:51:03,611 INFO    MainThread:3408807 [wandb_run.py:_config_callback():1145] config_cb None None {'lr': 0.001}
2022-09-29 23:52:03,939 WARNING MsgRouterThr:3408807 [router.py:message_loop():77] message_loop has been closed
